10:46:46.571 [restartedMain] INFO  c.r.RuoYiApplication - [logStarting,55] - Starting RuoYiApplication using Java 1.8.0_111 on DESKTOP-KVMPR0Q with PID 7760 (C:\Users\12845\IdeaProjects\jiangxi-wms\ruoyi-admin\target\classes started by 12845 in C:\Users\12845\IdeaProjects\jiangxi-wms)
10:46:46.571 [background-preinit] INFO  o.h.v.i.util.Version - [<clinit>,21] - HV000001: Hibernate Validator 6.2.0.Final
10:46:46.574 [restartedMain] INFO  c.r.RuoYiApplication - [logStartupProfileInfo,663] - The following profiles are active: druid
10:46:48.827 [restartedMain] INFO  o.a.s.c.e.EhCacheManager - [getCache,169] - Using existing EHCache named [sys-authCache]
10:46:50.856 [restartedMain] INFO  o.a.s.c.e.EhCacheManager - [getCache,169] - Using existing EHCache named [loginRecordCache]
10:46:51.919 [restartedMain] INFO  c.a.d.p.DruidDataSource - [init,998] - {dataSource-1} inited
10:46:51.932 [restartedMain] INFO  c.a.d.p.DruidDataSource - [close,2071] - {dataSource-1} closing ...
10:46:51.933 [restartedMain] INFO  c.a.d.p.DruidDataSource - [close,2144] - {dataSource-1} closed
10:48:35.806 [restartedMain] INFO  c.r.RuoYiApplication - [logStarting,55] - Starting RuoYiApplication using Java 1.8.0_111 on DESKTOP-KVMPR0Q with PID 18108 (C:\Users\12845\IdeaProjects\jiangxi-wms\ruoyi-admin\target\classes started by 12845 in C:\Users\12845\IdeaProjects\jiangxi-wms)
10:48:35.806 [background-preinit] INFO  o.h.v.i.util.Version - [<clinit>,21] - HV000001: Hibernate Validator 6.2.0.Final
10:48:35.809 [restartedMain] INFO  c.r.RuoYiApplication - [logStartupProfileInfo,663] - The following profiles are active: druid
10:48:37.692 [restartedMain] INFO  o.a.s.c.e.EhCacheManager - [getCache,169] - Using existing EHCache named [sys-authCache]
10:48:39.463 [restartedMain] INFO  o.a.s.c.e.EhCacheManager - [getCache,169] - Using existing EHCache named [loginRecordCache]
10:48:40.149 [restartedMain] INFO  c.a.d.p.DruidDataSource - [init,998] - {dataSource-1} inited
10:48:40.161 [restartedMain] INFO  c.a.d.p.DruidDataSource - [close,2071] - {dataSource-1} closing ...
10:48:40.162 [restartedMain] INFO  c.a.d.p.DruidDataSource - [close,2144] - {dataSource-1} closed
10:50:29.591 [restartedMain] INFO  c.r.RuoYiApplication - [logStarting,55] - Starting RuoYiApplication using Java 1.8.0_111 on DESKTOP-KVMPR0Q with PID 2236 (C:\Users\12845\IdeaProjects\jiangxi-wms\ruoyi-admin\target\classes started by 12845 in C:\Users\12845\IdeaProjects\jiangxi-wms)
10:50:29.591 [background-preinit] INFO  o.h.v.i.util.Version - [<clinit>,21] - HV000001: Hibernate Validator 6.2.0.Final
10:50:29.594 [restartedMain] INFO  c.r.RuoYiApplication - [logStartupProfileInfo,663] - The following profiles are active: druid
10:50:31.449 [restartedMain] INFO  o.a.s.c.e.EhCacheManager - [getCache,169] - Using existing EHCache named [sys-authCache]
10:50:33.058 [restartedMain] INFO  o.a.s.c.e.EhCacheManager - [getCache,169] - Using existing EHCache named [loginRecordCache]
10:50:33.849 [restartedMain] INFO  c.a.d.p.DruidDataSource - [init,998] - {dataSource-1} inited
10:50:33.991 [restartedMain] INFO  o.a.s.c.e.EhCacheManager - [getCache,169] - Using existing EHCache named [sys-config]
10:50:33.995 [restartedMain] INFO  o.a.s.c.e.EhCacheManager - [getCache,169] - Using existing EHCache named [sys-config]
10:50:33.995 [restartedMain] INFO  o.a.s.c.e.EhCacheManager - [getCache,169] - Using existing EHCache named [sys-config]
10:50:33.996 [restartedMain] INFO  o.a.s.c.e.EhCacheManager - [getCache,169] - Using existing EHCache named [sys-config]
10:50:33.996 [restartedMain] INFO  o.a.s.c.e.EhCacheManager - [getCache,169] - Using existing EHCache named [sys-config]
10:50:33.996 [restartedMain] INFO  o.a.s.c.e.EhCacheManager - [getCache,169] - Using existing EHCache named [sys-config]
10:50:33.996 [restartedMain] INFO  o.a.s.c.e.EhCacheManager - [getCache,169] - Using existing EHCache named [sys-config]
10:50:33.997 [restartedMain] INFO  o.a.s.c.e.EhCacheManager - [getCache,169] - Using existing EHCache named [sys-config]
10:50:33.997 [restartedMain] INFO  o.a.s.c.e.EhCacheManager - [getCache,169] - Using existing EHCache named [sys-config]
10:50:33.998 [restartedMain] INFO  o.a.s.c.e.EhCacheManager - [getCache,169] - Using existing EHCache named [sys-config]
10:50:34.105 [restartedMain] INFO  o.a.s.c.e.EhCacheManager - [getCache,169] - Using existing EHCache named [sys-userCache]
10:50:34.431 [restartedMain] INFO  o.a.c.h.Http11NioProtocol - [log,173] - Initializing ProtocolHandler ["http-nio-8080"]
10:50:34.431 [restartedMain] INFO  o.a.c.c.StandardService - [log,173] - Starting service [Tomcat]
10:50:34.432 [restartedMain] INFO  o.a.c.c.StandardEngine - [log,173] - Starting Servlet engine: [Apache Tomcat/9.0.54]
10:50:34.529 [restartedMain] INFO  o.a.c.c.C.[.[.[/] - [log,173] - Initializing Spring embedded WebApplicationContext
10:50:34.803 [restartedMain] INFO  o.a.s.c.e.EhCacheManager - [getCache,169] - Using existing EHCache named [sys-dict]
10:50:34.807 [restartedMain] INFO  o.a.s.c.e.EhCacheManager - [getCache,169] - Using existing EHCache named [sys-dict]
10:50:34.811 [restartedMain] INFO  o.a.s.c.e.EhCacheManager - [getCache,169] - Using existing EHCache named [sys-dict]
10:50:34.815 [restartedMain] INFO  o.a.s.c.e.EhCacheManager - [getCache,169] - Using existing EHCache named [sys-dict]
10:50:34.819 [restartedMain] INFO  o.a.s.c.e.EhCacheManager - [getCache,169] - Using existing EHCache named [sys-dict]
10:50:34.822 [restartedMain] INFO  o.a.s.c.e.EhCacheManager - [getCache,169] - Using existing EHCache named [sys-dict]
10:50:34.829 [restartedMain] INFO  o.a.s.c.e.EhCacheManager - [getCache,169] - Using existing EHCache named [sys-dict]
10:50:34.834 [restartedMain] INFO  o.a.s.c.e.EhCacheManager - [getCache,169] - Using existing EHCache named [sys-dict]
10:50:34.839 [restartedMain] INFO  o.a.s.c.e.EhCacheManager - [getCache,169] - Using existing EHCache named [sys-dict]
10:50:34.843 [restartedMain] INFO  o.a.s.c.e.EhCacheManager - [getCache,169] - Using existing EHCache named [sys-dict]
10:50:34.847 [restartedMain] INFO  o.a.s.c.e.EhCacheManager - [getCache,169] - Using existing EHCache named [sys-dict]
10:50:34.851 [restartedMain] INFO  o.a.s.c.e.EhCacheManager - [getCache,169] - Using existing EHCache named [sys-dict]
10:50:34.856 [restartedMain] INFO  o.a.s.c.e.EhCacheManager - [getCache,169] - Using existing EHCache named [sys-dict]
10:50:34.862 [restartedMain] INFO  o.a.s.c.e.EhCacheManager - [getCache,169] - Using existing EHCache named [sys-dict]
10:50:34.865 [restartedMain] INFO  o.a.s.c.e.EhCacheManager - [getCache,169] - Using existing EHCache named [sys-dict]
10:50:34.869 [restartedMain] INFO  o.a.s.c.e.EhCacheManager - [getCache,169] - Using existing EHCache named [sys-dict]
10:50:34.872 [restartedMain] INFO  o.a.s.c.e.EhCacheManager - [getCache,169] - Using existing EHCache named [sys-dict]
10:50:34.875 [restartedMain] INFO  o.a.s.c.e.EhCacheManager - [getCache,169] - Using existing EHCache named [sys-dict]
10:50:34.879 [restartedMain] INFO  o.a.s.c.e.EhCacheManager - [getCache,169] - Using existing EHCache named [sys-dict]
10:50:34.882 [restartedMain] INFO  o.a.s.c.e.EhCacheManager - [getCache,169] - Using existing EHCache named [sys-dict]
10:50:34.886 [restartedMain] INFO  o.a.s.c.e.EhCacheManager - [getCache,169] - Using existing EHCache named [sys-dict]
10:50:34.889 [restartedMain] INFO  o.a.s.c.e.EhCacheManager - [getCache,169] - Using existing EHCache named [sys-dict]
10:50:34.893 [restartedMain] INFO  o.a.s.c.e.EhCacheManager - [getCache,169] - Using existing EHCache named [sys-dict]
10:50:34.896 [restartedMain] INFO  o.a.s.c.e.EhCacheManager - [getCache,169] - Using existing EHCache named [sys-dict]
10:50:34.899 [restartedMain] INFO  o.a.s.c.e.EhCacheManager - [getCache,169] - Using existing EHCache named [sys-dict]
10:50:34.903 [restartedMain] INFO  o.a.s.c.e.EhCacheManager - [getCache,169] - Using existing EHCache named [sys-dict]
10:50:35.043 [restartedMain] INFO  o.q.i.StdSchedulerFactory - [instantiate,1220] - Using default implementation for ThreadExecutor
10:50:35.055 [restartedMain] INFO  o.q.c.SchedulerSignalerImpl - [<init>,61] - Initialized Scheduler Signaller of type: class org.quartz.core.SchedulerSignalerImpl
10:50:35.056 [restartedMain] INFO  o.q.c.QuartzScheduler - [<init>,229] - Quartz Scheduler v.2.3.2 created.
10:50:35.061 [restartedMain] INFO  o.q.c.QuartzScheduler - [initialize,294] - Scheduler meta-data: Quartz Scheduler (v2.3.2) 'RuoyiScheduler' with instanceId 'DESKTOP-KVMPR0Q1640055035044'
  Scheduler class: 'org.quartz.core.QuartzScheduler' - running locally.
  NOT STARTED.
  Currently in standby mode.
  Number of jobs executed: 0
  Using thread pool 'org.quartz.simpl.SimpleThreadPool' - with 20 threads.
  Using job-store 'org.springframework.scheduling.quartz.LocalDataSourceJobStore' - which supports persistence. and is clustered.

10:50:35.061 [restartedMain] INFO  o.q.i.StdSchedulerFactory - [instantiate,1374] - Quartz scheduler 'RuoyiScheduler' initialized from an externally provided properties instance.
10:50:35.061 [restartedMain] INFO  o.q.i.StdSchedulerFactory - [instantiate,1378] - Quartz scheduler version: 2.3.2
10:50:35.063 [restartedMain] INFO  o.q.c.QuartzScheduler - [setJobFactory,2293] - JobFactory set to: org.springframework.scheduling.quartz.AdaptableJobFactory@3abb8da5
10:50:36.936 [restartedMain] INFO  o.a.c.h.Http11NioProtocol - [log,173] - Starting ProtocolHandler ["http-nio-8080"]
10:50:37.207 [restartedMain] INFO  c.r.RuoYiApplication - [logStarted,61] - Started RuoYiApplication in 7.958 seconds (JVM running for 9.284)
10:50:38.233 [Quartz Scheduler [RuoyiScheduler]] INFO  o.q.c.QuartzScheduler - [start,547] - Scheduler RuoyiScheduler_$_DESKTOP-KVMPR0Q1640055035044 started.
10:51:06.518 [http-nio-8080-exec-1] INFO  o.a.c.c.C.[.[.[/] - [log,173] - Initializing Spring DispatcherServlet 'dispatcherServlet'
10:51:06.536 [http-nio-8080-exec-1] INFO  o.a.s.s.m.AbstractValidatingSessionManager - [enableSessionValidation,233] - Enabling session validation scheduler...
10:51:06.574 [http-nio-8080-exec-1] INFO  o.a.s.c.e.EhCacheManager - [getCache,169] - Using existing EHCache named [shiro-activeSessionCache]
10:51:06.613 [http-nio-8080-exec-2] INFO  o.a.s.c.e.EhCacheManager - [getCache,169] - Using existing EHCache named [sys-config]
10:51:07.562 [schedule-pool-1] INFO  c.r.f.s.w.s.OnlineWebSessionManager - [validateSessions,100] - invalidation sessions...
10:51:07.574 [schedule-pool-1] INFO  o.a.s.c.e.EhCacheManager - [getCache,169] - Using existing EHCache named [sys-userCache]
10:51:07.585 [schedule-pool-1] INFO  c.r.f.s.w.s.OnlineWebSessionManager - [validateSessions,165] - Finished invalidation session. [1] sessions were stopped.
10:51:13.062 [schedule-pool-2] INFO  sys-user - [run,109] - [127.0.0.1]内网IP[admin][Success][登录成功]
10:51:13.116 [http-nio-8080-exec-23] INFO  o.a.s.c.e.EhCacheManager - [getCache,169] - Using existing EHCache named [sys-config]
10:51:13.117 [http-nio-8080-exec-23] INFO  o.a.s.c.e.EhCacheManager - [getCache,169] - Using existing EHCache named [sys-config]
10:51:13.117 [http-nio-8080-exec-23] INFO  o.a.s.c.e.EhCacheManager - [getCache,169] - Using existing EHCache named [sys-config]
10:51:13.117 [http-nio-8080-exec-23] INFO  o.a.s.c.e.EhCacheManager - [getCache,169] - Using existing EHCache named [sys-config]
10:51:13.117 [http-nio-8080-exec-23] INFO  o.a.s.c.e.EhCacheManager - [getCache,169] - Using existing EHCache named [sys-config]
10:51:13.117 [http-nio-8080-exec-23] INFO  o.a.s.c.e.EhCacheManager - [getCache,169] - Using existing EHCache named [sys-config]
10:51:13.118 [http-nio-8080-exec-23] INFO  o.a.s.c.e.EhCacheManager - [getCache,169] - Using existing EHCache named [sys-config]
10:51:22.191 [http-nio-8080-exec-50] INFO  o.a.s.c.e.EhCacheManager - [getCache,169] - Using existing EHCache named [sys-dict]
10:51:22.203 [http-nio-8080-exec-50] INFO  o.a.s.c.e.EhCacheManager - [getCache,169] - Using existing EHCache named [sys-dict]
10:51:28.287 [http-nio-8080-exec-78] INFO  o.a.s.c.e.EhCacheManager - [getCache,169] - Using existing EHCache named [sys-dict]
10:53:42.446 [http-nio-8080-exec-18] INFO  o.a.s.c.e.EhCacheManager - [getCache,169] - Using existing EHCache named [sys-userCache]
10:53:42.462 [schedule-pool-1] INFO  sys-user - [run,109] - [127.0.0.1]内网IP[admin][Logout][退出成功]
10:53:42.468 [http-nio-8080-exec-16] INFO  o.a.s.c.e.EhCacheManager - [getCache,169] - Using existing EHCache named [sys-config]
10:58:50.798 [http-nio-8080-exec-45] INFO  o.a.s.c.e.EhCacheManager - [getCache,169] - Using existing EHCache named [sys-config]
11:01:07.538 [schedule-pool-3] INFO  c.r.f.s.w.s.OnlineWebSessionManager - [validateSessions,100] - invalidation sessions...
11:01:07.542 [schedule-pool-3] INFO  c.r.f.s.w.s.OnlineWebSessionManager - [validateSessions,165] - Finished invalidation session. No sessions were stopped.
11:11:07.537 [schedule-pool-5] INFO  c.r.f.s.w.s.OnlineWebSessionManager - [validateSessions,100] - invalidation sessions...
11:11:07.541 [schedule-pool-5] INFO  c.r.f.s.w.s.OnlineWebSessionManager - [validateSessions,165] - Finished invalidation session. No sessions were stopped.
11:21:07.537 [schedule-pool-2] INFO  c.r.f.s.w.s.OnlineWebSessionManager - [validateSessions,100] - invalidation sessions...
11:21:07.541 [schedule-pool-2] INFO  c.r.f.s.w.s.OnlineWebSessionManager - [validateSessions,165] - Finished invalidation session. No sessions were stopped.
11:31:07.538 [schedule-pool-6] INFO  c.r.f.s.w.s.OnlineWebSessionManager - [validateSessions,100] - invalidation sessions...
11:31:07.545 [schedule-pool-6] INFO  c.r.f.s.w.s.OnlineWebSessionManager - [validateSessions,165] - Finished invalidation session. No sessions were stopped.
11:41:07.538 [schedule-pool-1] INFO  c.r.f.s.w.s.OnlineWebSessionManager - [validateSessions,100] - invalidation sessions...
11:41:07.546 [schedule-pool-1] INFO  c.r.f.s.w.s.OnlineWebSessionManager - [validateSessions,165] - Finished invalidation session. No sessions were stopped.
11:51:07.538 [schedule-pool-4] INFO  c.r.f.s.w.s.OnlineWebSessionManager - [validateSessions,100] - invalidation sessions...
11:51:07.543 [schedule-pool-4] INFO  c.r.f.s.w.s.OnlineWebSessionManager - [validateSessions,165] - Finished invalidation session. No sessions were stopped.
12:01:07.537 [schedule-pool-3] INFO  c.r.f.s.w.s.OnlineWebSessionManager - [validateSessions,100] - invalidation sessions...
12:01:07.541 [schedule-pool-3] INFO  c.r.f.s.w.s.OnlineWebSessionManager - [validateSessions,165] - Finished invalidation session. No sessions were stopped.
12:11:07.538 [schedule-pool-7] INFO  c.r.f.s.w.s.OnlineWebSessionManager - [validateSessions,100] - invalidation sessions...
12:11:07.547 [schedule-pool-7] INFO  c.r.f.s.w.s.OnlineWebSessionManager - [validateSessions,165] - Finished invalidation session. No sessions were stopped.
12:21:07.537 [schedule-pool-5] INFO  c.r.f.s.w.s.OnlineWebSessionManager - [validateSessions,100] - invalidation sessions...
12:21:07.544 [schedule-pool-5] INFO  c.r.f.s.w.s.OnlineWebSessionManager - [validateSessions,165] - Finished invalidation session. No sessions were stopped.
12:31:07.537 [schedule-pool-8] INFO  c.r.f.s.w.s.OnlineWebSessionManager - [validateSessions,100] - invalidation sessions...
12:31:07.541 [schedule-pool-8] INFO  c.r.f.s.w.s.OnlineWebSessionManager - [validateSessions,165] - Finished invalidation session. No sessions were stopped.
12:41:07.537 [schedule-pool-2] INFO  c.r.f.s.w.s.OnlineWebSessionManager - [validateSessions,100] - invalidation sessions...
12:41:07.543 [schedule-pool-2] INFO  c.r.f.s.w.s.OnlineWebSessionManager - [validateSessions,165] - Finished invalidation session. No sessions were stopped.
12:51:07.537 [schedule-pool-9] INFO  c.r.f.s.w.s.OnlineWebSessionManager - [validateSessions,100] - invalidation sessions...
12:51:07.549 [schedule-pool-9] INFO  c.r.f.s.w.s.OnlineWebSessionManager - [validateSessions,165] - Finished invalidation session. No sessions were stopped.
13:01:07.537 [schedule-pool-6] INFO  c.r.f.s.w.s.OnlineWebSessionManager - [validateSessions,100] - invalidation sessions...
13:01:07.542 [schedule-pool-6] INFO  c.r.f.s.w.s.OnlineWebSessionManager - [validateSessions,165] - Finished invalidation session. No sessions were stopped.
13:11:07.538 [schedule-pool-10] INFO  c.r.f.s.w.s.OnlineWebSessionManager - [validateSessions,100] - invalidation sessions...
13:11:07.546 [schedule-pool-10] INFO  c.r.f.s.w.s.OnlineWebSessionManager - [validateSessions,165] - Finished invalidation session. No sessions were stopped.
13:21:07.538 [schedule-pool-1] INFO  c.r.f.s.w.s.OnlineWebSessionManager - [validateSessions,100] - invalidation sessions...
13:21:07.544 [schedule-pool-1] INFO  c.r.f.s.w.s.OnlineWebSessionManager - [validateSessions,165] - Finished invalidation session. No sessions were stopped.
13:31:07.537 [schedule-pool-11] INFO  c.r.f.s.w.s.OnlineWebSessionManager - [validateSessions,100] - invalidation sessions...
13:31:07.543 [schedule-pool-11] INFO  c.r.f.s.w.s.OnlineWebSessionManager - [validateSessions,165] - Finished invalidation session. No sessions were stopped.
13:41:07.537 [schedule-pool-4] INFO  c.r.f.s.w.s.OnlineWebSessionManager - [validateSessions,100] - invalidation sessions...
13:41:07.546 [schedule-pool-4] INFO  c.r.f.s.w.s.OnlineWebSessionManager - [validateSessions,165] - Finished invalidation session. No sessions were stopped.
13:51:07.537 [schedule-pool-12] INFO  c.r.f.s.w.s.OnlineWebSessionManager - [validateSessions,100] - invalidation sessions...
13:51:07.545 [schedule-pool-12] INFO  c.r.f.s.w.s.OnlineWebSessionManager - [validateSessions,165] - Finished invalidation session. No sessions were stopped.
14:01:07.537 [schedule-pool-3] INFO  c.r.f.s.w.s.OnlineWebSessionManager - [validateSessions,100] - invalidation sessions...
14:01:07.546 [schedule-pool-3] INFO  c.r.f.s.w.s.OnlineWebSessionManager - [validateSessions,165] - Finished invalidation session. No sessions were stopped.
14:11:07.538 [schedule-pool-13] INFO  c.r.f.s.w.s.OnlineWebSessionManager - [validateSessions,100] - invalidation sessions...
14:11:07.541 [schedule-pool-13] INFO  c.r.f.s.w.s.OnlineWebSessionManager - [validateSessions,165] - Finished invalidation session. No sessions were stopped.
14:21:07.537 [schedule-pool-7] INFO  c.r.f.s.w.s.OnlineWebSessionManager - [validateSessions,100] - invalidation sessions...
14:21:07.542 [schedule-pool-7] INFO  c.r.f.s.w.s.OnlineWebSessionManager - [validateSessions,165] - Finished invalidation session. No sessions were stopped.
14:31:07.537 [schedule-pool-14] INFO  c.r.f.s.w.s.OnlineWebSessionManager - [validateSessions,100] - invalidation sessions...
14:31:07.540 [schedule-pool-14] INFO  c.r.f.s.w.s.OnlineWebSessionManager - [validateSessions,165] - Finished invalidation session. No sessions were stopped.
14:41:07.537 [schedule-pool-5] INFO  c.r.f.s.w.s.OnlineWebSessionManager - [validateSessions,100] - invalidation sessions...
14:41:07.546 [schedule-pool-5] INFO  c.r.f.s.w.s.OnlineWebSessionManager - [validateSessions,165] - Finished invalidation session. No sessions were stopped.
14:51:07.539 [schedule-pool-15] INFO  c.r.f.s.w.s.OnlineWebSessionManager - [validateSessions,100] - invalidation sessions...
14:51:07.542 [schedule-pool-15] INFO  c.r.f.s.w.s.OnlineWebSessionManager - [validateSessions,165] - Finished invalidation session. No sessions were stopped.
15:01:07.537 [schedule-pool-8] INFO  c.r.f.s.w.s.OnlineWebSessionManager - [validateSessions,100] - invalidation sessions...
15:01:07.554 [schedule-pool-8] INFO  c.r.f.s.w.s.OnlineWebSessionManager - [validateSessions,165] - Finished invalidation session. No sessions were stopped.
15:11:07.537 [schedule-pool-16] INFO  c.r.f.s.w.s.OnlineWebSessionManager - [validateSessions,100] - invalidation sessions...
15:11:07.546 [schedule-pool-16] INFO  c.r.f.s.w.s.OnlineWebSessionManager - [validateSessions,165] - Finished invalidation session. No sessions were stopped.
15:21:07.537 [schedule-pool-2] INFO  c.r.f.s.w.s.OnlineWebSessionManager - [validateSessions,100] - invalidation sessions...
15:21:07.547 [schedule-pool-2] INFO  c.r.f.s.w.s.OnlineWebSessionManager - [validateSessions,165] - Finished invalidation session. No sessions were stopped.
16:11:56.586 [schedule-pool-17] INFO  c.r.f.s.w.s.OnlineWebSessionManager - [validateSessions,100] - invalidation sessions...
16:11:56.590 [schedule-pool-17] INFO  c.r.f.s.w.s.OnlineWebSessionManager - [validateSessions,165] - Finished invalidation session. No sessions were stopped.
16:11:56.590 [schedule-pool-9] INFO  c.r.f.s.w.s.OnlineWebSessionManager - [validateSessions,100] - invalidation sessions...
16:11:56.593 [schedule-pool-9] INFO  c.r.f.s.w.s.OnlineWebSessionManager - [validateSessions,165] - Finished invalidation session. No sessions were stopped.
16:11:56.593 [schedule-pool-18] INFO  c.r.f.s.w.s.OnlineWebSessionManager - [validateSessions,100] - invalidation sessions...
16:11:56.597 [schedule-pool-18] INFO  c.r.f.s.w.s.OnlineWebSessionManager - [validateSessions,165] - Finished invalidation session. No sessions were stopped.
16:11:56.598 [schedule-pool-6] INFO  c.r.f.s.w.s.OnlineWebSessionManager - [validateSessions,100] - invalidation sessions...
16:11:56.601 [schedule-pool-6] INFO  c.r.f.s.w.s.OnlineWebSessionManager - [validateSessions,165] - Finished invalidation session. No sessions were stopped.
16:11:56.601 [schedule-pool-19] INFO  c.r.f.s.w.s.OnlineWebSessionManager - [validateSessions,100] - invalidation sessions...
16:11:56.603 [schedule-pool-19] INFO  c.r.f.s.w.s.OnlineWebSessionManager - [validateSessions,165] - Finished invalidation session. No sessions were stopped.
