08:56:40.280 [schedule-pool-2] INFO  sys-user - [run,109] - [127.0.0.1]内网IP[admin][Success][登录成功]
09:25:46.230 [Thread-24] INFO  sys-user - [shutdownSpringSessionValidationScheduler,45] - ====关闭会话验证任务====
09:25:46.237 [Thread-24] INFO  sys-user - [shutdownAsyncManager,62] - ====关闭后台任务任务线程池====
09:25:46.238 [Thread-24] INFO  sys-user - [shutdownEhCacheManager,75] - ====关闭缓存====
09:34:21.053 [schedule-pool-2] INFO  sys-user - [run,109] - [127.0.0.1]内网IP[admin][Success][登录成功]
09:37:04.261 [Thread-21] INFO  sys-user - [shutdownSpringSessionValidationScheduler,45] - ====关闭会话验证任务====
09:37:04.264 [Thread-21] INFO  sys-user - [shutdownAsyncManager,62] - ====关闭后台任务任务线程池====
09:37:04.265 [Thread-21] INFO  sys-user - [shutdownEhCacheManager,75] - ====关闭缓存====
09:43:08.791 [schedule-pool-2] INFO  sys-user - [run,109] - [127.0.0.1]内网IP[admin][Success][登录成功]
09:44:24.007 [Thread-21] INFO  sys-user - [shutdownSpringSessionValidationScheduler,45] - ====关闭会话验证任务====
09:44:24.008 [Thread-21] INFO  sys-user - [shutdownAsyncManager,62] - ====关闭后台任务任务线程池====
09:44:24.008 [Thread-21] INFO  sys-user - [shutdownEhCacheManager,75] - ====关闭缓存====
09:44:30.712 [Thread-33] INFO  sys-user - [shutdownAsyncManager,62] - ====关闭后台任务任务线程池====
09:44:30.714 [Thread-33] INFO  sys-user - [shutdownEhCacheManager,75] - ====关闭缓存====
09:44:35.703 [SpringApplicationShutdownHook] INFO  sys-user - [shutdownAsyncManager,62] - ====关闭后台任务任务线程池====
09:44:35.705 [SpringApplicationShutdownHook] INFO  sys-user - [shutdownEhCacheManager,75] - ====关闭缓存====
09:45:25.167 [schedule-pool-2] INFO  sys-user - [run,109] - [127.0.0.1]内网IP[admin][Success][登录成功]
09:54:07.684 [Thread-21] INFO  sys-user - [shutdownSpringSessionValidationScheduler,45] - ====关闭会话验证任务====
09:54:07.687 [Thread-21] INFO  sys-user - [shutdownAsyncManager,62] - ====关闭后台任务任务线程池====
09:54:07.687 [Thread-21] INFO  sys-user - [shutdownEhCacheManager,75] - ====关闭缓存====
09:54:15.000 [Thread-33] INFO  sys-user - [shutdownAsyncManager,62] - ====关闭后台任务任务线程池====
09:54:15.002 [Thread-33] INFO  sys-user - [shutdownEhCacheManager,75] - ====关闭缓存====
09:54:19.975 [SpringApplicationShutdownHook] INFO  sys-user - [shutdownAsyncManager,62] - ====关闭后台任务任务线程池====
09:54:19.976 [SpringApplicationShutdownHook] INFO  sys-user - [shutdownEhCacheManager,75] - ====关闭缓存====
09:54:45.545 [schedule-pool-2] INFO  sys-user - [run,109] - [127.0.0.1]内网IP[admin][Success][登录成功]
10:31:56.386 [SpringApplicationShutdownHook] INFO  sys-user - [shutdownSpringSessionValidationScheduler,45] - ====关闭会话验证任务====
10:31:56.388 [SpringApplicationShutdownHook] INFO  sys-user - [shutdownAsyncManager,62] - ====关闭后台任务任务线程池====
10:31:56.389 [SpringApplicationShutdownHook] INFO  sys-user - [shutdownEhCacheManager,75] - ====关闭缓存====
