11:21:08.622 [http-nio-8080-exec-74] INFO  o.a.s.c.e.EhCacheManager - [getCache,169] - Using existing EHCache named [sys-config]
11:21:11.134 [http-nio-8080-exec-3] INFO  o.a.s.c.e.EhCacheManager - [getCache,169] - Using existing EHCache named [sys-config]
11:21:11.135 [http-nio-8080-exec-3] INFO  o.a.s.c.e.EhCacheManager - [getCache,169] - Using existing EHCache named [sys-config]
11:21:11.135 [http-nio-8080-exec-3] INFO  o.a.s.c.e.EhCacheManager - [getCache,169] - Using existing EHCache named [sys-config]
11:21:11.135 [http-nio-8080-exec-3] INFO  o.a.s.c.e.EhCacheManager - [getCache,169] - Using existing EHCache named [sys-config]
11:21:11.135 [http-nio-8080-exec-3] INFO  o.a.s.c.e.EhCacheManager - [getCache,169] - Using existing EHCache named [sys-config]
11:21:11.136 [http-nio-8080-exec-3] INFO  o.a.s.c.e.EhCacheManager - [getCache,169] - Using existing EHCache named [sys-config]
11:21:11.136 [http-nio-8080-exec-3] INFO  o.a.s.c.e.EhCacheManager - [getCache,169] - Using existing EHCache named [sys-config]
11:21:21.953 [http-nio-8080-exec-2] INFO  o.a.s.c.e.EhCacheManager - [getCache,169] - Using existing EHCache named [sys-config]
11:21:21.954 [http-nio-8080-exec-2] INFO  o.a.s.c.e.EhCacheManager - [getCache,169] - Using existing EHCache named [sys-config]
11:21:21.955 [http-nio-8080-exec-2] INFO  o.a.s.c.e.EhCacheManager - [getCache,169] - Using existing EHCache named [sys-config]
11:21:21.956 [http-nio-8080-exec-2] INFO  o.a.s.c.e.EhCacheManager - [getCache,169] - Using existing EHCache named [sys-config]
11:21:21.956 [http-nio-8080-exec-2] INFO  o.a.s.c.e.EhCacheManager - [getCache,169] - Using existing EHCache named [sys-config]
11:21:21.957 [http-nio-8080-exec-2] INFO  o.a.s.c.e.EhCacheManager - [getCache,169] - Using existing EHCache named [sys-config]
11:21:21.957 [http-nio-8080-exec-2] INFO  o.a.s.c.e.EhCacheManager - [getCache,169] - Using existing EHCache named [sys-config]
11:23:53.086 [schedule-pool-7] INFO  c.r.f.s.w.s.OnlineWebSessionManager - [validateSessions,101] - invalidation sessions...
11:23:53.086 [schedule-pool-6] INFO  sys-user - [run,109] - [127.0.0.1]内网IP[admin][Success][登录成功]
11:23:53.096 [schedule-pool-7] INFO  c.r.f.s.w.s.OnlineWebSessionManager - [validateSessions,166] - Finished invalidation session. No sessions were stopped.
11:23:53.097 [schedule-pool-7] INFO  c.r.f.s.w.s.OnlineWebSessionManager - [validateSessions,101] - invalidation sessions...
11:23:53.134 [schedule-pool-7] INFO  c.r.f.s.w.s.OnlineWebSessionManager - [validateSessions,166] - Finished invalidation session. No sessions were stopped.
11:23:53.134 [schedule-pool-7] INFO  c.r.f.s.w.s.OnlineWebSessionManager - [validateSessions,101] - invalidation sessions...
11:23:53.138 [schedule-pool-7] INFO  c.r.f.s.w.s.OnlineWebSessionManager - [validateSessions,166] - Finished invalidation session. No sessions were stopped.
11:23:53.138 [schedule-pool-7] INFO  c.r.f.s.w.s.OnlineWebSessionManager - [validateSessions,101] - invalidation sessions...
11:23:53.141 [schedule-pool-7] INFO  c.r.f.s.w.s.OnlineWebSessionManager - [validateSessions,166] - Finished invalidation session. No sessions were stopped.
11:23:53.141 [schedule-pool-7] INFO  c.r.f.s.w.s.OnlineWebSessionManager - [validateSessions,101] - invalidation sessions...
11:23:53.144 [schedule-pool-7] INFO  c.r.f.s.w.s.OnlineWebSessionManager - [validateSessions,166] - Finished invalidation session. No sessions were stopped.
11:23:53.145 [schedule-pool-7] INFO  c.r.f.s.w.s.OnlineWebSessionManager - [validateSessions,101] - invalidation sessions...
11:23:53.147 [schedule-pool-7] INFO  c.r.f.s.w.s.OnlineWebSessionManager - [validateSessions,166] - Finished invalidation session. No sessions were stopped.
11:23:53.147 [schedule-pool-7] INFO  c.r.f.s.w.s.OnlineWebSessionManager - [validateSessions,101] - invalidation sessions...
11:23:53.150 [schedule-pool-7] INFO  c.r.f.s.w.s.OnlineWebSessionManager - [validateSessions,166] - Finished invalidation session. No sessions were stopped.
11:23:53.151 [schedule-pool-7] INFO  c.r.f.s.w.s.OnlineWebSessionManager - [validateSessions,101] - invalidation sessions...
11:23:53.153 [schedule-pool-7] INFO  c.r.f.s.w.s.OnlineWebSessionManager - [validateSessions,166] - Finished invalidation session. No sessions were stopped.
11:23:53.154 [schedule-pool-7] INFO  c.r.f.s.w.s.OnlineWebSessionManager - [validateSessions,101] - invalidation sessions...
11:23:53.157 [schedule-pool-7] INFO  c.r.f.s.w.s.OnlineWebSessionManager - [validateSessions,166] - Finished invalidation session. No sessions were stopped.
11:23:53.157 [schedule-pool-7] INFO  c.r.f.s.w.s.OnlineWebSessionManager - [validateSessions,101] - invalidation sessions...
11:23:53.160 [schedule-pool-7] INFO  c.r.f.s.w.s.OnlineWebSessionManager - [validateSessions,166] - Finished invalidation session. No sessions were stopped.
11:23:53.160 [schedule-pool-7] INFO  c.r.f.s.w.s.OnlineWebSessionManager - [validateSessions,101] - invalidation sessions...
11:23:53.163 [schedule-pool-7] INFO  c.r.f.s.w.s.OnlineWebSessionManager - [validateSessions,166] - Finished invalidation session. No sessions were stopped.
11:23:53.163 [schedule-pool-7] INFO  c.r.f.s.w.s.OnlineWebSessionManager - [validateSessions,101] - invalidation sessions...
11:23:53.167 [schedule-pool-7] INFO  c.r.f.s.w.s.OnlineWebSessionManager - [validateSessions,166] - Finished invalidation session. No sessions were stopped.
11:23:53.167 [schedule-pool-7] INFO  c.r.f.s.w.s.OnlineWebSessionManager - [validateSessions,101] - invalidation sessions...
11:23:53.170 [schedule-pool-7] INFO  c.r.f.s.w.s.OnlineWebSessionManager - [validateSessions,166] - Finished invalidation session. No sessions were stopped.
11:23:53.171 [schedule-pool-7] INFO  c.r.f.s.w.s.OnlineWebSessionManager - [validateSessions,101] - invalidation sessions...
11:23:53.174 [schedule-pool-7] INFO  c.r.f.s.w.s.OnlineWebSessionManager - [validateSessions,166] - Finished invalidation session. No sessions were stopped.
11:23:53.174 [schedule-pool-7] INFO  c.r.f.s.w.s.OnlineWebSessionManager - [validateSessions,101] - invalidation sessions...
11:23:53.178 [schedule-pool-7] INFO  c.r.f.s.w.s.OnlineWebSessionManager - [validateSessions,166] - Finished invalidation session. No sessions were stopped.
11:23:53.178 [schedule-pool-7] INFO  c.r.f.s.w.s.OnlineWebSessionManager - [validateSessions,101] - invalidation sessions...
11:23:53.182 [schedule-pool-7] INFO  c.r.f.s.w.s.OnlineWebSessionManager - [validateSessions,166] - Finished invalidation session. No sessions were stopped.
11:23:53.182 [schedule-pool-7] INFO  c.r.f.s.w.s.OnlineWebSessionManager - [validateSessions,101] - invalidation sessions...
11:23:53.186 [schedule-pool-7] INFO  c.r.f.s.w.s.OnlineWebSessionManager - [validateSessions,166] - Finished invalidation session. No sessions were stopped.
11:23:53.186 [schedule-pool-7] INFO  c.r.f.s.w.s.OnlineWebSessionManager - [validateSessions,101] - invalidation sessions...
11:23:53.189 [schedule-pool-7] INFO  c.r.f.s.w.s.OnlineWebSessionManager - [validateSessions,166] - Finished invalidation session. No sessions were stopped.
11:23:53.190 [schedule-pool-7] INFO  c.r.f.s.w.s.OnlineWebSessionManager - [validateSessions,101] - invalidation sessions...
11:23:53.193 [schedule-pool-7] INFO  c.r.f.s.w.s.OnlineWebSessionManager - [validateSessions,166] - Finished invalidation session. No sessions were stopped.
11:23:53.193 [schedule-pool-7] INFO  c.r.f.s.w.s.OnlineWebSessionManager - [validateSessions,101] - invalidation sessions...
11:23:53.197 [schedule-pool-7] INFO  c.r.f.s.w.s.OnlineWebSessionManager - [validateSessions,166] - Finished invalidation session. No sessions were stopped.
11:23:53.197 [schedule-pool-7] INFO  c.r.f.s.w.s.OnlineWebSessionManager - [validateSessions,101] - invalidation sessions...
11:23:53.200 [schedule-pool-7] INFO  c.r.f.s.w.s.OnlineWebSessionManager - [validateSessions,166] - Finished invalidation session. No sessions were stopped.
11:23:53.200 [schedule-pool-7] INFO  c.r.f.s.w.s.OnlineWebSessionManager - [validateSessions,101] - invalidation sessions...
11:23:53.204 [schedule-pool-7] INFO  c.r.f.s.w.s.OnlineWebSessionManager - [validateSessions,166] - Finished invalidation session. No sessions were stopped.
11:23:53.204 [schedule-pool-7] INFO  c.r.f.s.w.s.OnlineWebSessionManager - [validateSessions,101] - invalidation sessions...
11:23:53.208 [schedule-pool-7] INFO  c.r.f.s.w.s.OnlineWebSessionManager - [validateSessions,166] - Finished invalidation session. No sessions were stopped.
11:23:53.208 [schedule-pool-7] INFO  c.r.f.s.w.s.OnlineWebSessionManager - [validateSessions,101] - invalidation sessions...
11:23:53.212 [schedule-pool-7] INFO  c.r.f.s.w.s.OnlineWebSessionManager - [validateSessions,166] - Finished invalidation session. No sessions were stopped.
11:23:53.212 [schedule-pool-7] INFO  c.r.f.s.w.s.OnlineWebSessionManager - [validateSessions,101] - invalidation sessions...
11:23:53.215 [schedule-pool-7] INFO  c.r.f.s.w.s.OnlineWebSessionManager - [validateSessions,166] - Finished invalidation session. No sessions were stopped.
11:23:53.215 [schedule-pool-7] INFO  c.r.f.s.w.s.OnlineWebSessionManager - [validateSessions,101] - invalidation sessions...
11:23:53.218 [schedule-pool-7] INFO  c.r.f.s.w.s.OnlineWebSessionManager - [validateSessions,166] - Finished invalidation session. No sessions were stopped.
11:23:53.218 [schedule-pool-7] INFO  c.r.f.s.w.s.OnlineWebSessionManager - [validateSessions,101] - invalidation sessions...
11:23:53.222 [schedule-pool-7] INFO  c.r.f.s.w.s.OnlineWebSessionManager - [validateSessions,166] - Finished invalidation session. No sessions were stopped.
11:23:53.222 [schedule-pool-7] INFO  c.r.f.s.w.s.OnlineWebSessionManager - [validateSessions,101] - invalidation sessions...
11:23:53.225 [schedule-pool-7] INFO  c.r.f.s.w.s.OnlineWebSessionManager - [validateSessions,166] - Finished invalidation session. No sessions were stopped.
11:23:53.226 [schedule-pool-7] INFO  c.r.f.s.w.s.OnlineWebSessionManager - [validateSessions,101] - invalidation sessions...
11:23:53.229 [schedule-pool-7] INFO  c.r.f.s.w.s.OnlineWebSessionManager - [validateSessions,166] - Finished invalidation session. No sessions were stopped.
11:23:53.229 [schedule-pool-7] INFO  c.r.f.s.w.s.OnlineWebSessionManager - [validateSessions,101] - invalidation sessions...
11:23:53.232 [schedule-pool-7] INFO  c.r.f.s.w.s.OnlineWebSessionManager - [validateSessions,166] - Finished invalidation session. No sessions were stopped.
11:23:53.233 [schedule-pool-7] INFO  c.r.f.s.w.s.OnlineWebSessionManager - [validateSessions,101] - invalidation sessions...
11:23:53.236 [schedule-pool-7] INFO  c.r.f.s.w.s.OnlineWebSessionManager - [validateSessions,166] - Finished invalidation session. No sessions were stopped.
11:23:53.237 [schedule-pool-7] INFO  c.r.f.s.w.s.OnlineWebSessionManager - [validateSessions,101] - invalidation sessions...
11:23:53.240 [schedule-pool-7] INFO  c.r.f.s.w.s.OnlineWebSessionManager - [validateSessions,166] - Finished invalidation session. No sessions were stopped.
11:23:53.240 [schedule-pool-7] INFO  c.r.f.s.w.s.OnlineWebSessionManager - [validateSessions,101] - invalidation sessions...
11:23:53.247 [schedule-pool-7] INFO  c.r.f.s.w.s.OnlineWebSessionManager - [validateSessions,166] - Finished invalidation session. No sessions were stopped.
11:23:53.248 [schedule-pool-7] INFO  c.r.f.s.w.s.OnlineWebSessionManager - [validateSessions,101] - invalidation sessions...
11:23:53.254 [schedule-pool-7] INFO  c.r.f.s.w.s.OnlineWebSessionManager - [validateSessions,166] - Finished invalidation session. No sessions were stopped.
11:23:53.254 [schedule-pool-7] INFO  c.r.f.s.w.s.OnlineWebSessionManager - [validateSessions,101] - invalidation sessions...
11:23:53.263 [schedule-pool-7] INFO  c.r.f.s.w.s.OnlineWebSessionManager - [validateSessions,166] - Finished invalidation session. No sessions were stopped.
11:23:53.264 [schedule-pool-7] INFO  c.r.f.s.w.s.OnlineWebSessionManager - [validateSessions,101] - invalidation sessions...
11:23:53.270 [schedule-pool-7] INFO  c.r.f.s.w.s.OnlineWebSessionManager - [validateSessions,166] - Finished invalidation session. No sessions were stopped.
11:23:53.271 [schedule-pool-7] INFO  c.r.f.s.w.s.OnlineWebSessionManager - [validateSessions,101] - invalidation sessions...
11:23:53.279 [schedule-pool-7] INFO  c.r.f.s.w.s.OnlineWebSessionManager - [validateSessions,166] - Finished invalidation session. No sessions were stopped.
11:23:53.280 [schedule-pool-7] INFO  c.r.f.s.w.s.OnlineWebSessionManager - [validateSessions,101] - invalidation sessions...
11:23:53.287 [schedule-pool-7] INFO  c.r.f.s.w.s.OnlineWebSessionManager - [validateSessions,166] - Finished invalidation session. No sessions were stopped.
11:23:53.287 [schedule-pool-7] INFO  c.r.f.s.w.s.OnlineWebSessionManager - [validateSessions,101] - invalidation sessions...
11:23:53.295 [schedule-pool-7] INFO  c.r.f.s.w.s.OnlineWebSessionManager - [validateSessions,166] - Finished invalidation session. No sessions were stopped.
11:23:53.296 [schedule-pool-7] INFO  c.r.f.s.w.s.OnlineWebSessionManager - [validateSessions,101] - invalidation sessions...
11:23:53.303 [schedule-pool-7] INFO  c.r.f.s.w.s.OnlineWebSessionManager - [validateSessions,166] - Finished invalidation session. No sessions were stopped.
11:23:53.304 [schedule-pool-7] INFO  c.r.f.s.w.s.OnlineWebSessionManager - [validateSessions,101] - invalidation sessions...
11:23:53.310 [schedule-pool-7] INFO  c.r.f.s.w.s.OnlineWebSessionManager - [validateSessions,166] - Finished invalidation session. No sessions were stopped.
11:23:53.312 [schedule-pool-7] INFO  c.r.f.s.w.s.OnlineWebSessionManager - [validateSessions,101] - invalidation sessions...
11:23:53.319 [schedule-pool-7] INFO  c.r.f.s.w.s.OnlineWebSessionManager - [validateSessions,166] - Finished invalidation session. No sessions were stopped.
11:23:53.319 [schedule-pool-7] INFO  c.r.f.s.w.s.OnlineWebSessionManager - [validateSessions,101] - invalidation sessions...
11:23:53.327 [schedule-pool-7] INFO  c.r.f.s.w.s.OnlineWebSessionManager - [validateSessions,166] - Finished invalidation session. No sessions were stopped.
11:23:53.328 [schedule-pool-7] INFO  c.r.f.s.w.s.OnlineWebSessionManager - [validateSessions,101] - invalidation sessions...
11:23:53.335 [schedule-pool-7] INFO  c.r.f.s.w.s.OnlineWebSessionManager - [validateSessions,166] - Finished invalidation session. No sessions were stopped.
11:23:53.335 [schedule-pool-7] INFO  c.r.f.s.w.s.OnlineWebSessionManager - [validateSessions,101] - invalidation sessions...
11:23:53.343 [schedule-pool-7] INFO  c.r.f.s.w.s.OnlineWebSessionManager - [validateSessions,166] - Finished invalidation session. No sessions were stopped.
11:23:53.344 [schedule-pool-7] INFO  c.r.f.s.w.s.OnlineWebSessionManager - [validateSessions,101] - invalidation sessions...
11:23:53.350 [schedule-pool-7] INFO  c.r.f.s.w.s.OnlineWebSessionManager - [validateSessions,166] - Finished invalidation session. No sessions were stopped.
11:23:53.351 [schedule-pool-7] INFO  c.r.f.s.w.s.OnlineWebSessionManager - [validateSessions,101] - invalidation sessions...
11:23:53.359 [schedule-pool-7] INFO  c.r.f.s.w.s.OnlineWebSessionManager - [validateSessions,166] - Finished invalidation session. No sessions were stopped.
11:23:53.360 [schedule-pool-7] INFO  c.r.f.s.w.s.OnlineWebSessionManager - [validateSessions,101] - invalidation sessions...
11:23:53.367 [schedule-pool-7] INFO  c.r.f.s.w.s.OnlineWebSessionManager - [validateSessions,166] - Finished invalidation session. No sessions were stopped.
11:23:53.367 [schedule-pool-7] INFO  c.r.f.s.w.s.OnlineWebSessionManager - [validateSessions,101] - invalidation sessions...
11:23:53.374 [schedule-pool-7] INFO  c.r.f.s.w.s.OnlineWebSessionManager - [validateSessions,166] - Finished invalidation session. No sessions were stopped.
11:23:53.375 [schedule-pool-7] INFO  c.r.f.s.w.s.OnlineWebSessionManager - [validateSessions,101] - invalidation sessions...
11:23:53.382 [schedule-pool-7] INFO  c.r.f.s.w.s.OnlineWebSessionManager - [validateSessions,166] - Finished invalidation session. No sessions were stopped.
11:23:53.383 [schedule-pool-7] INFO  c.r.f.s.w.s.OnlineWebSessionManager - [validateSessions,101] - invalidation sessions...
11:23:53.390 [schedule-pool-7] INFO  c.r.f.s.w.s.OnlineWebSessionManager - [validateSessions,166] - Finished invalidation session. No sessions were stopped.
11:23:53.390 [schedule-pool-7] INFO  c.r.f.s.w.s.OnlineWebSessionManager - [validateSessions,101] - invalidation sessions...
11:23:53.398 [schedule-pool-7] INFO  c.r.f.s.w.s.OnlineWebSessionManager - [validateSessions,166] - Finished invalidation session. No sessions were stopped.
11:23:53.398 [schedule-pool-7] INFO  c.r.f.s.w.s.OnlineWebSessionManager - [validateSessions,101] - invalidation sessions...
11:23:53.405 [schedule-pool-7] INFO  c.r.f.s.w.s.OnlineWebSessionManager - [validateSessions,166] - Finished invalidation session. No sessions were stopped.
11:23:53.405 [schedule-pool-7] INFO  c.r.f.s.w.s.OnlineWebSessionManager - [validateSessions,101] - invalidation sessions...
11:23:53.412 [schedule-pool-7] INFO  c.r.f.s.w.s.OnlineWebSessionManager - [validateSessions,166] - Finished invalidation session. No sessions were stopped.
11:23:53.413 [schedule-pool-7] INFO  c.r.f.s.w.s.OnlineWebSessionManager - [validateSessions,101] - invalidation sessions...
11:23:53.421 [schedule-pool-7] INFO  c.r.f.s.w.s.OnlineWebSessionManager - [validateSessions,166] - Finished invalidation session. No sessions were stopped.
11:23:53.421 [schedule-pool-7] INFO  c.r.f.s.w.s.OnlineWebSessionManager - [validateSessions,101] - invalidation sessions...
11:23:53.429 [schedule-pool-7] INFO  c.r.f.s.w.s.OnlineWebSessionManager - [validateSessions,166] - Finished invalidation session. No sessions were stopped.
11:23:53.429 [schedule-pool-7] INFO  c.r.f.s.w.s.OnlineWebSessionManager - [validateSessions,101] - invalidation sessions...
11:23:53.437 [schedule-pool-7] INFO  c.r.f.s.w.s.OnlineWebSessionManager - [validateSessions,166] - Finished invalidation session. No sessions were stopped.
11:23:53.438 [schedule-pool-7] INFO  c.r.f.s.w.s.OnlineWebSessionManager - [validateSessions,101] - invalidation sessions...
11:23:53.446 [schedule-pool-7] INFO  c.r.f.s.w.s.OnlineWebSessionManager - [validateSessions,166] - Finished invalidation session. No sessions were stopped.
11:23:53.446 [schedule-pool-7] INFO  c.r.f.s.w.s.OnlineWebSessionManager - [validateSessions,101] - invalidation sessions...
11:23:53.453 [schedule-pool-7] INFO  c.r.f.s.w.s.OnlineWebSessionManager - [validateSessions,166] - Finished invalidation session. No sessions were stopped.
11:23:53.454 [schedule-pool-7] INFO  c.r.f.s.w.s.OnlineWebSessionManager - [validateSessions,101] - invalidation sessions...
11:23:53.462 [schedule-pool-7] INFO  c.r.f.s.w.s.OnlineWebSessionManager - [validateSessions,166] - Finished invalidation session. No sessions were stopped.
11:23:53.462 [schedule-pool-7] INFO  c.r.f.s.w.s.OnlineWebSessionManager - [validateSessions,101] - invalidation sessions...
11:23:53.470 [schedule-pool-7] INFO  c.r.f.s.w.s.OnlineWebSessionManager - [validateSessions,166] - Finished invalidation session. No sessions were stopped.
11:23:53.471 [schedule-pool-7] INFO  c.r.f.s.w.s.OnlineWebSessionManager - [validateSessions,101] - invalidation sessions...
11:23:53.480 [schedule-pool-7] INFO  c.r.f.s.w.s.OnlineWebSessionManager - [validateSessions,166] - Finished invalidation session. No sessions were stopped.
11:23:53.480 [schedule-pool-7] INFO  c.r.f.s.w.s.OnlineWebSessionManager - [validateSessions,101] - invalidation sessions...
11:23:53.488 [schedule-pool-7] INFO  c.r.f.s.w.s.OnlineWebSessionManager - [validateSessions,166] - Finished invalidation session. No sessions were stopped.
11:23:53.489 [schedule-pool-7] INFO  c.r.f.s.w.s.OnlineWebSessionManager - [validateSessions,101] - invalidation sessions...
11:23:53.496 [schedule-pool-7] INFO  c.r.f.s.w.s.OnlineWebSessionManager - [validateSessions,166] - Finished invalidation session. No sessions were stopped.
11:23:53.497 [schedule-pool-7] INFO  c.r.f.s.w.s.OnlineWebSessionManager - [validateSessions,101] - invalidation sessions...
11:23:53.504 [schedule-pool-7] INFO  c.r.f.s.w.s.OnlineWebSessionManager - [validateSessions,166] - Finished invalidation session. No sessions were stopped.
11:23:53.505 [schedule-pool-7] INFO  c.r.f.s.w.s.OnlineWebSessionManager - [validateSessions,101] - invalidation sessions...
11:23:53.513 [schedule-pool-7] INFO  c.r.f.s.w.s.OnlineWebSessionManager - [validateSessions,166] - Finished invalidation session. No sessions were stopped.
11:23:53.513 [schedule-pool-7] INFO  c.r.f.s.w.s.OnlineWebSessionManager - [validateSessions,101] - invalidation sessions...
11:23:53.522 [schedule-pool-7] INFO  c.r.f.s.w.s.OnlineWebSessionManager - [validateSessions,166] - Finished invalidation session. No sessions were stopped.
11:23:53.523 [schedule-pool-2] INFO  c.r.f.s.w.s.OnlineWebSessionManager - [validateSessions,101] - invalidation sessions...
11:23:53.531 [schedule-pool-2] INFO  c.r.f.s.w.s.OnlineWebSessionManager - [validateSessions,166] - Finished invalidation session. No sessions were stopped.
11:23:53.532 [schedule-pool-2] INFO  c.r.f.s.w.s.OnlineWebSessionManager - [validateSessions,101] - invalidation sessions...
11:23:53.540 [schedule-pool-2] INFO  c.r.f.s.w.s.OnlineWebSessionManager - [validateSessions,166] - Finished invalidation session. No sessions were stopped.
11:23:53.540 [schedule-pool-2] INFO  c.r.f.s.w.s.OnlineWebSessionManager - [validateSessions,101] - invalidation sessions...
11:23:53.548 [schedule-pool-2] INFO  c.r.f.s.w.s.OnlineWebSessionManager - [validateSessions,166] - Finished invalidation session. No sessions were stopped.
11:23:53.549 [schedule-pool-2] INFO  c.r.f.s.w.s.OnlineWebSessionManager - [validateSessions,101] - invalidation sessions...
11:23:53.557 [schedule-pool-2] INFO  c.r.f.s.w.s.OnlineWebSessionManager - [validateSessions,166] - Finished invalidation session. No sessions were stopped.
11:23:53.558 [schedule-pool-2] INFO  c.r.f.s.w.s.OnlineWebSessionManager - [validateSessions,101] - invalidation sessions...
11:23:53.566 [schedule-pool-2] INFO  c.r.f.s.w.s.OnlineWebSessionManager - [validateSessions,166] - Finished invalidation session. No sessions were stopped.
11:23:53.566 [schedule-pool-2] INFO  c.r.f.s.w.s.OnlineWebSessionManager - [validateSessions,101] - invalidation sessions...
11:23:53.574 [schedule-pool-2] INFO  c.r.f.s.w.s.OnlineWebSessionManager - [validateSessions,166] - Finished invalidation session. No sessions were stopped.
11:23:53.575 [schedule-pool-2] INFO  c.r.f.s.w.s.OnlineWebSessionManager - [validateSessions,101] - invalidation sessions...
11:23:53.583 [schedule-pool-2] INFO  c.r.f.s.w.s.OnlineWebSessionManager - [validateSessions,166] - Finished invalidation session. No sessions were stopped.
11:23:53.583 [schedule-pool-2] INFO  c.r.f.s.w.s.OnlineWebSessionManager - [validateSessions,101] - invalidation sessions...
11:23:53.591 [schedule-pool-2] INFO  c.r.f.s.w.s.OnlineWebSessionManager - [validateSessions,166] - Finished invalidation session. No sessions were stopped.
11:23:53.592 [schedule-pool-2] INFO  c.r.f.s.w.s.OnlineWebSessionManager - [validateSessions,101] - invalidation sessions...
11:23:53.599 [schedule-pool-2] INFO  c.r.f.s.w.s.OnlineWebSessionManager - [validateSessions,166] - Finished invalidation session. No sessions were stopped.
11:23:53.599 [schedule-pool-2] INFO  c.r.f.s.w.s.OnlineWebSessionManager - [validateSessions,101] - invalidation sessions...
11:23:53.606 [schedule-pool-2] INFO  c.r.f.s.w.s.OnlineWebSessionManager - [validateSessions,166] - Finished invalidation session. No sessions were stopped.
11:23:53.607 [schedule-pool-2] INFO  c.r.f.s.w.s.OnlineWebSessionManager - [validateSessions,101] - invalidation sessions...
11:23:53.613 [schedule-pool-2] INFO  c.r.f.s.w.s.OnlineWebSessionManager - [validateSessions,166] - Finished invalidation session. No sessions were stopped.
11:23:53.614 [schedule-pool-2] INFO  c.r.f.s.w.s.OnlineWebSessionManager - [validateSessions,101] - invalidation sessions...
11:23:53.619 [schedule-pool-2] INFO  c.r.f.s.w.s.OnlineWebSessionManager - [validateSessions,166] - Finished invalidation session. No sessions were stopped.
11:23:53.619 [schedule-pool-2] INFO  c.r.f.s.w.s.OnlineWebSessionManager - [validateSessions,101] - invalidation sessions...
11:23:53.626 [schedule-pool-2] INFO  c.r.f.s.w.s.OnlineWebSessionManager - [validateSessions,166] - Finished invalidation session. No sessions were stopped.
11:23:53.627 [schedule-pool-2] INFO  c.r.f.s.w.s.OnlineWebSessionManager - [validateSessions,101] - invalidation sessions...
11:23:53.633 [schedule-pool-2] INFO  c.r.f.s.w.s.OnlineWebSessionManager - [validateSessions,166] - Finished invalidation session. No sessions were stopped.
11:23:53.633 [schedule-pool-2] INFO  c.r.f.s.w.s.OnlineWebSessionManager - [validateSessions,101] - invalidation sessions...
11:23:53.639 [schedule-pool-2] INFO  c.r.f.s.w.s.OnlineWebSessionManager - [validateSessions,166] - Finished invalidation session. No sessions were stopped.
11:23:53.640 [schedule-pool-2] INFO  c.r.f.s.w.s.OnlineWebSessionManager - [validateSessions,101] - invalidation sessions...
11:23:53.645 [schedule-pool-2] INFO  c.r.f.s.w.s.OnlineWebSessionManager - [validateSessions,166] - Finished invalidation session. No sessions were stopped.
11:23:53.645 [schedule-pool-2] INFO  c.r.f.s.w.s.OnlineWebSessionManager - [validateSessions,101] - invalidation sessions...
11:23:53.650 [schedule-pool-2] INFO  c.r.f.s.w.s.OnlineWebSessionManager - [validateSessions,166] - Finished invalidation session. No sessions were stopped.
11:23:53.650 [schedule-pool-2] INFO  c.r.f.s.w.s.OnlineWebSessionManager - [validateSessions,101] - invalidation sessions...
11:23:53.655 [schedule-pool-2] INFO  c.r.f.s.w.s.OnlineWebSessionManager - [validateSessions,166] - Finished invalidation session. No sessions were stopped.
11:23:53.656 [schedule-pool-2] INFO  c.r.f.s.w.s.OnlineWebSessionManager - [validateSessions,101] - invalidation sessions...
11:23:53.660 [schedule-pool-2] INFO  c.r.f.s.w.s.OnlineWebSessionManager - [validateSessions,166] - Finished invalidation session. No sessions were stopped.
11:23:53.660 [schedule-pool-2] INFO  c.r.f.s.w.s.OnlineWebSessionManager - [validateSessions,101] - invalidation sessions...
11:23:53.666 [schedule-pool-2] INFO  c.r.f.s.w.s.OnlineWebSessionManager - [validateSessions,166] - Finished invalidation session. No sessions were stopped.
11:23:53.666 [schedule-pool-2] INFO  c.r.f.s.w.s.OnlineWebSessionManager - [validateSessions,101] - invalidation sessions...
11:23:53.672 [schedule-pool-2] INFO  c.r.f.s.w.s.OnlineWebSessionManager - [validateSessions,166] - Finished invalidation session. No sessions were stopped.
11:23:53.673 [schedule-pool-2] INFO  c.r.f.s.w.s.OnlineWebSessionManager - [validateSessions,101] - invalidation sessions...
11:23:53.677 [schedule-pool-2] INFO  c.r.f.s.w.s.OnlineWebSessionManager - [validateSessions,166] - Finished invalidation session. No sessions were stopped.
11:23:53.677 [schedule-pool-2] INFO  c.r.f.s.w.s.OnlineWebSessionManager - [validateSessions,101] - invalidation sessions...
11:23:53.682 [schedule-pool-2] INFO  c.r.f.s.w.s.OnlineWebSessionManager - [validateSessions,166] - Finished invalidation session. No sessions were stopped.
11:23:53.682 [schedule-pool-2] INFO  c.r.f.s.w.s.OnlineWebSessionManager - [validateSessions,101] - invalidation sessions...
11:23:53.687 [schedule-pool-2] INFO  c.r.f.s.w.s.OnlineWebSessionManager - [validateSessions,166] - Finished invalidation session. No sessions were stopped.
11:23:53.688 [schedule-pool-2] INFO  c.r.f.s.w.s.OnlineWebSessionManager - [validateSessions,101] - invalidation sessions...
11:23:53.693 [schedule-pool-2] INFO  c.r.f.s.w.s.OnlineWebSessionManager - [validateSessions,166] - Finished invalidation session. No sessions were stopped.
11:23:53.693 [schedule-pool-2] INFO  c.r.f.s.w.s.OnlineWebSessionManager - [validateSessions,101] - invalidation sessions...
11:23:53.698 [schedule-pool-2] INFO  c.r.f.s.w.s.OnlineWebSessionManager - [validateSessions,166] - Finished invalidation session. No sessions were stopped.
11:23:53.698 [schedule-pool-2] INFO  c.r.f.s.w.s.OnlineWebSessionManager - [validateSessions,101] - invalidation sessions...
11:23:53.703 [schedule-pool-2] INFO  c.r.f.s.w.s.OnlineWebSessionManager - [validateSessions,166] - Finished invalidation session. No sessions were stopped.
11:23:53.703 [schedule-pool-2] INFO  c.r.f.s.w.s.OnlineWebSessionManager - [validateSessions,101] - invalidation sessions...
11:23:53.708 [schedule-pool-2] INFO  c.r.f.s.w.s.OnlineWebSessionManager - [validateSessions,166] - Finished invalidation session. No sessions were stopped.
11:23:53.708 [schedule-pool-2] INFO  c.r.f.s.w.s.OnlineWebSessionManager - [validateSessions,101] - invalidation sessions...
11:23:53.713 [schedule-pool-2] INFO  c.r.f.s.w.s.OnlineWebSessionManager - [validateSessions,166] - Finished invalidation session. No sessions were stopped.
11:23:53.713 [schedule-pool-2] INFO  c.r.f.s.w.s.OnlineWebSessionManager - [validateSessions,101] - invalidation sessions...
11:23:53.721 [schedule-pool-2] INFO  c.r.f.s.w.s.OnlineWebSessionManager - [validateSessions,166] - Finished invalidation session. No sessions were stopped.
11:23:53.722 [schedule-pool-2] INFO  c.r.f.s.w.s.OnlineWebSessionManager - [validateSessions,101] - invalidation sessions...
11:23:53.729 [schedule-pool-2] INFO  c.r.f.s.w.s.OnlineWebSessionManager - [validateSessions,166] - Finished invalidation session. No sessions were stopped.
11:23:53.730 [schedule-pool-2] INFO  c.r.f.s.w.s.OnlineWebSessionManager - [validateSessions,101] - invalidation sessions...
11:23:53.744 [schedule-pool-2] INFO  c.r.f.s.w.s.OnlineWebSessionManager - [validateSessions,166] - Finished invalidation session. No sessions were stopped.
11:24:23.461 [schedule-pool-2] INFO  c.r.f.s.w.s.OnlineWebSessionManager - [validateSessions,101] - invalidation sessions...
11:24:23.472 [schedule-pool-2] INFO  c.r.f.s.w.s.OnlineWebSessionManager - [validateSessions,166] - Finished invalidation session. No sessions were stopped.
11:34:23.473 [schedule-pool-2] INFO  c.r.f.s.w.s.OnlineWebSessionManager - [validateSessions,101] - invalidation sessions...
11:34:23.481 [schedule-pool-2] INFO  c.r.f.s.w.s.OnlineWebSessionManager - [validateSessions,166] - Finished invalidation session. No sessions were stopped.
11:44:23.475 [schedule-pool-2] INFO  c.r.f.s.w.s.OnlineWebSessionManager - [validateSessions,101] - invalidation sessions...
11:44:23.486 [schedule-pool-2] INFO  c.r.f.s.w.s.OnlineWebSessionManager - [validateSessions,166] - Finished invalidation session. No sessions were stopped.
11:54:23.463 [schedule-pool-2] INFO  c.r.f.s.w.s.OnlineWebSessionManager - [validateSessions,101] - invalidation sessions...
11:54:23.471 [schedule-pool-2] INFO  o.a.s.c.e.EhCacheManager - [getCache,169] - Using existing EHCache named [sys-userCache]
11:54:23.503 [schedule-pool-2] INFO  c.r.f.s.w.s.OnlineWebSessionManager - [validateSessions,166] - Finished invalidation session. [1] sessions were stopped.
12:04:23.464 [schedule-pool-2] INFO  c.r.f.s.w.s.OnlineWebSessionManager - [validateSessions,101] - invalidation sessions...
12:04:23.477 [schedule-pool-2] INFO  c.r.f.s.w.s.OnlineWebSessionManager - [validateSessions,166] - Finished invalidation session. No sessions were stopped.
12:14:23.476 [schedule-pool-2] INFO  c.r.f.s.w.s.OnlineWebSessionManager - [validateSessions,101] - invalidation sessions...
12:14:23.485 [schedule-pool-2] INFO  c.r.f.s.w.s.OnlineWebSessionManager - [validateSessions,166] - Finished invalidation session. No sessions were stopped.
12:24:23.464 [schedule-pool-2] INFO  c.r.f.s.w.s.OnlineWebSessionManager - [validateSessions,101] - invalidation sessions...
12:24:23.471 [schedule-pool-2] INFO  c.r.f.s.w.s.OnlineWebSessionManager - [validateSessions,166] - Finished invalidation session. No sessions were stopped.
12:34:23.463 [schedule-pool-2] INFO  c.r.f.s.w.s.OnlineWebSessionManager - [validateSessions,101] - invalidation sessions...
12:34:23.475 [schedule-pool-2] INFO  c.r.f.s.w.s.OnlineWebSessionManager - [validateSessions,166] - Finished invalidation session. No sessions were stopped.
12:44:23.470 [schedule-pool-2] INFO  c.r.f.s.w.s.OnlineWebSessionManager - [validateSessions,101] - invalidation sessions...
12:44:23.488 [schedule-pool-2] INFO  c.r.f.s.w.s.OnlineWebSessionManager - [validateSessions,166] - Finished invalidation session. No sessions were stopped.
